2024-08-04 22:43:22 [error] [UserService]: Error: User with Id: 100 not found
    at new ApiError (D:\1.LeapFrog\NODE\Budgeteer_\server\src\utils\ApiErrors.ts:8:14)
    at D:\1.LeapFrog\NODE\Budgeteer_\server\src\service\user.ts:80:19
    at step (D:\1.LeapFrog\NODE\Budgeteer_\server\src\service\user.ts:44:23)
    at Object.next (D:\1.LeapFrog\NODE\Budgeteer_\server\src\service\user.ts:25:53)
    at fulfilled (D:\1.LeapFrog\NODE\Budgeteer_\server\src\service\user.ts:16:58)
    at processTicksAndRejections (node:internal/process/task_queues:95:5)
2024-08-04 22:45:08 [error] [UserService]: Error: User with Id: 100 not found
    at new ApiError (D:\1.LeapFrog\NODE\Budgeteer_\server\src\utils\ApiErrors.ts:8:14)
    at D:\1.LeapFrog\NODE\Budgeteer_\server\src\service\user.ts:80:19
    at step (D:\1.LeapFrog\NODE\Budgeteer_\server\src\service\user.ts:44:23)
    at Object.next (D:\1.LeapFrog\NODE\Budgeteer_\server\src\service\user.ts:25:53)
    at fulfilled (D:\1.LeapFrog\NODE\Budgeteer_\server\src\service\user.ts:16:58)
2024-08-04 22:48:33 [error] [UserService]: Error: User with Id: 100 not found
    at new ApiError (D:\1.LeapFrog\NODE\Budgeteer_\server\src\utils\ApiErrors.ts:8:14)
    at D:\1.LeapFrog\NODE\Budgeteer_\server\src\service\user.ts:80:19
    at step (D:\1.LeapFrog\NODE\Budgeteer_\server\src\service\user.ts:44:23)
    at Object.next (D:\1.LeapFrog\NODE\Budgeteer_\server\src\service\user.ts:25:53)
    at fulfilled (D:\1.LeapFrog\NODE\Budgeteer_\server\src\service\user.ts:16:58)
2024-08-04 22:51:43 [error] [UserService]: Error: "User with Id: 100 not found"
    at new ApiError (D:\1.LeapFrog\NODE\Budgeteer_\server\src\utils\ApiErrors.ts:8:14)
    at D:\1.LeapFrog\NODE\Budgeteer_\server\src\service\user.ts:80:19
    at step (D:\1.LeapFrog\NODE\Budgeteer_\server\src\service\user.ts:44:23)
    at Object.next (D:\1.LeapFrog\NODE\Budgeteer_\server\src\service\user.ts:25:53)
    at fulfilled (D:\1.LeapFrog\NODE\Budgeteer_\server\src\service\user.ts:16:58)
2024-08-04 22:52:42 [error] [UserService]: Error: User with Id: 100 not found
    at new ApiError (D:\1.LeapFrog\NODE\Budgeteer_\server\src\utils\ApiErrors.ts:8:14)
    at D:\1.LeapFrog\NODE\Budgeteer_\server\src\service\user.ts:80:19
    at step (D:\1.LeapFrog\NODE\Budgeteer_\server\src\service\user.ts:44:23)
    at Object.next (D:\1.LeapFrog\NODE\Budgeteer_\server\src\service\user.ts:25:53)
    at fulfilled (D:\1.LeapFrog\NODE\Budgeteer_\server\src\service\user.ts:16:58)
2024-08-04 22:56:05 [error] [UserService]: Error: User with Id: 100 not found
    at new ApiError (D:\1.LeapFrog\NODE\Budgeteer_\server\src\utils\ApiErrors.ts:8:14)
    at D:\1.LeapFrog\NODE\Budgeteer_\server\src\service\user.ts:80:19
    at step (D:\1.LeapFrog\NODE\Budgeteer_\server\src\service\user.ts:44:23)
    at Object.next (D:\1.LeapFrog\NODE\Budgeteer_\server\src\service\user.ts:25:53)
    at fulfilled (D:\1.LeapFrog\NODE\Budgeteer_\server\src\service\user.ts:16:58)
